Unity Editor version:    2022.3.0f1 (fb119bb0b476)
Branch:                  2022.3/release
Build type:              Release
Batch mode:              YES
macOS version:           Version 13.3 (Build 22E252)
Darwin version:          22.4.0
Architecture:            x86_64
Running under Rosetta:   YES
Available memory:        8192 MB
Using pre-set license
Pro License: YES

COMMAND LINE ARGUMENTS:
/Applications/Unity/Hub/Editor/2022.3.0f1/Unity.app/Contents/MacOS/Unity
-adb2
-batchMode
-noUpm
-name
AssetImportWorker0
-projectPath
/Users/sarahahmed/UCA3-Audio
-logFile
Logs/AssetImportWorker0.log
-srvPort
60781
Successfully changed project path to: /Users/sarahahmed/UCA3-Audio
/Users/sarahahmed/UCA3-Audio
[UnityMemory] Configuration Parameters - Can be set up in boot.config
    "memorysetup-bucket-allocator-granularity=16"
    "memorysetup-bucket-allocator-bucket-count=8"
    "memorysetup-bucket-allocator-block-size=33554432"
    "memorysetup-bucket-allocator-block-count=8"
    "memorysetup-main-allocator-block-size=16777216"
    "memorysetup-thread-allocator-block-size=16777216"
    "memorysetup-gfx-main-allocator-block-size=16777216"
    "memorysetup-gfx-thread-allocator-block-size=16777216"
    "memorysetup-cache-allocator-block-size=4194304"
    "memorysetup-typetree-allocator-block-size=2097152"
    "memorysetup-profiler-bucket-allocator-granularity=16"
    "memorysetup-profiler-bucket-allocator-bucket-count=8"
    "memorysetup-profiler-bucket-allocator-block-size=33554432"
    "memorysetup-profiler-bucket-allocator-block-count=8"
    "memorysetup-profiler-allocator-block-size=16777216"
    "memorysetup-profiler-editor-allocator-block-size=1048576"
    "memorysetup-temp-allocator-size-main=16777216"
    "memorysetup-job-temp-allocator-block-size=2097152"
    "memorysetup-job-temp-allocator-block-size-background=1048576"
    "memorysetup-job-temp-allocator-reduction-small-platforms=262144"
    "memorysetup-allocator-temp-initial-block-size-main=262144"
    "memorysetup-allocator-temp-initial-block-size-worker=262144"
    "memorysetup-temp-allocator-size-background-worker=32768"
    "memorysetup-temp-allocator-size-job-worker=262144"
    "memorysetup-temp-allocator-size-preload-manager=33554432"
    "memorysetup-temp-allocator-size-nav-mesh-worker=65536"
    "memorysetup-temp-allocator-size-audio-worker=65536"
    "memorysetup-temp-allocator-size-cloud-worker=32768"
    "memorysetup-temp-allocator-size-gi-baking-worker=262144"
    "memorysetup-temp-allocator-size-gfx=262144"
Player connection [8737354368] Host "[IP] 172.21.18.90 [Port] 0 [Flags] 2 [Guid] 2771748132 [EditorId] 2771748132 [Version] 1048832 [Id] OSXEditor(0,Sarahs-MacBook-Pro.local) [Debug] 1 [PackageName] OSXEditor [ProjectName] Editor" joined multi-casting on [225.0.0.222:54997]...

Player connection [8737354368] Host "[IP] 172.21.18.90 [Port] 0 [Flags] 2 [Guid] 2771748132 [EditorId] 2771748132 [Version] 1048832 [Id] OSXEditor(0,Sarahs-MacBook-Pro.local) [Debug] 1 [PackageName] OSXEditor [ProjectName] Editor" joined alternative multi-casting on [225.0.0.222:34997]...

Refreshing native plugins compatible for Editor in 11.48 ms, found 2 plugins.
Preloading 0 native plugins for Editor in 0.00 ms.
Initialize engine version: 2022.3.0f1 (fb119bb0b476)
[Subsystems] Discovering subsystems at path /Applications/Unity/Hub/Editor/2022.3.0f1/Unity.app/Contents/Resources/UnitySubsystems
[Subsystems] Discovering subsystems at path /Users/sarahahmed/UCA3-Audio/Assets
GfxDevice: creating device client; threaded=0; jobified=0
 preferred device: Apple M2 (high power)
Metal devices available: 1
0: Apple M2 (high power)
Using device Apple M2 (high power)
Initializing Metal device caps: Apple M2
Initialize mono
Mono path[0] = '/Applications/Unity/Hub/Editor/2022.3.0f1/Unity.app/Contents/Managed'
Mono path[1] = '/Applications/Unity/Hub/Editor/2022.3.0f1/Unity.app/Contents/MonoBleedingEdge/lib/mono/unityjit-macos'
Mono config path = '/Applications/Unity/Hub/Editor/2022.3.0f1/Unity.app/Contents/MonoBleedingEdge/etc'
Using monoOptions --debugger-agent=transport=dt_socket,embedding=1,server=y,suspend=n,address=127.0.0.1:56202
Begin MonoManager ReloadAssembly
Registering precompiled unity dll's ...
Register platform support module: /Applications/Unity/Hub/Editor/2022.3.0f1/Unity.app/Contents/PlaybackEngines/MacStandaloneSupport/UnityEditor.OSXStandalone.Extensions.dll
Registered in 0.000771 seconds.
- Loaded All Assemblies, in  0.484 seconds
Native extension for OSXStandalone target not found
Mono: successfully reloaded assembly
- Finished resetting the current domain, in  0.765 seconds
Domain Reload Profiling: 1250ms
	BeginReloadAssembly (194ms)
		ExecutionOrderSort (0ms)
		DisableScriptedObjects (0ms)
		BackupInstance (0ms)
		ReleaseScriptingObjects (0ms)
		CreateAndSetChildDomain (3ms)
	RebuildCommonClasses (32ms)
	RebuildNativeTypeToScriptingClass (10ms)
	initialDomainReloadingComplete (115ms)
	LoadAllAssembliesAndSetupDomain (133ms)
		LoadAssemblies (190ms)
		RebuildTransferFunctionScriptingTraits (0ms)
		AnalyzeDomain (129ms)
			TypeCache.Refresh (126ms)
				TypeCache.ScanAssembly (112ms)
			ScanForSourceGeneratedMonoScriptInfo (0ms)
			ResolveRequiredComponents (2ms)
	FinalizeReload (767ms)
		ReleaseScriptCaches (0ms)
		RebuildScriptCaches (0ms)
		SetupLoadedEditorAssemblies (649ms)
			LogAssemblyErrors (0ms)
			InitializePlatformSupportModulesInManaged (19ms)
			SetLoadedEditorAssemblies (14ms)
			RefreshPlugins (0ms)
			BeforeProcessingInitializeOnLoad (7ms)
			ProcessInitializeOnLoadAttributes (426ms)
			ProcessInitializeOnLoadMethodAttributes (182ms)
			AfterProcessingInitializeOnLoad (0ms)
			EditorAssembliesLoaded (1ms)
		ExecutionOrderSort2 (0ms)
		AwakeInstancesAfterBackupRestoration (0ms)
========================================================================
Worker process is ready to serve import requests
Begin MonoManager ReloadAssembly
- Loaded All Assemblies, in  1.020 seconds
Refreshing native plugins compatible for Editor in 1.25 ms, found 2 plugins.
Native extension for OSXStandalone target not found
Mono: successfully reloaded assembly
- Finished resetting the current domain, in  1.707 seconds
Domain Reload Profiling: 2732ms
	BeginReloadAssembly (289ms)
		ExecutionOrderSort (0ms)
		DisableScriptedObjects (32ms)
		BackupInstance (0ms)
		ReleaseScriptingObjects (0ms)
		CreateAndSetChildDomain (36ms)
	RebuildCommonClasses (33ms)
	RebuildNativeTypeToScriptingClass (9ms)
	initialDomainReloadingComplete (64ms)
	LoadAllAssembliesAndSetupDomain (629ms)
		LoadAssemblies (403ms)
		RebuildTransferFunctionScriptingTraits (0ms)
		AnalyzeDomain (335ms)
			TypeCache.Refresh (271ms)
				TypeCache.ScanAssembly (256ms)
			ScanForSourceGeneratedMonoScriptInfo (40ms)
			ResolveRequiredComponents (24ms)
	FinalizeReload (1708ms)
		ReleaseScriptCaches (0ms)
		RebuildScriptCaches (0ms)
		SetupLoadedEditorAssemblies (1392ms)
			LogAssemblyErrors (0ms)
			InitializePlatformSupportModulesInManaged (14ms)
			SetLoadedEditorAssemblies (8ms)
			RefreshPlugins (0ms)
			BeforeProcessingInitializeOnLoad (107ms)
			ProcessInitializeOnLoadAttributes (1048ms)
			ProcessInitializeOnLoadMethodAttributes (215ms)
			AfterProcessingInitializeOnLoad (1ms)
			EditorAssembliesLoaded (0ms)
		ExecutionOrderSort2 (0ms)
		AwakeInstancesAfterBackupRestoration (8ms)
Launching external process: /Applications/Unity/Hub/Editor/2022.3.0f1/Unity.app/Contents/Tools/UnityShaderCompiler
Launched and connected shader compiler UnityShaderCompiler after 0.54 seconds
Refreshing native plugins compatible for Editor in 0.85 ms, found 2 plugins.
Preloading 0 native plugins for Editor in 0.00 ms.
Unloading 4483 Unused Serialized files (Serialized files now loaded: 0)
Unloading 80 unused Assets / (1.2 MB). Loaded Objects now: 4943.
Memory consumption went from 197.9 MB to 196.7 MB.
Total: 6.367416 ms (FindLiveObjects: 0.387208 ms CreateObjectMapping: 0.104458 ms MarkObjects: 4.592834 ms  DeleteObjects: 1.277417 ms)

AssetImportParameters requested are different than current active one (requested -> active):
  custom:container-demuxer-ogg: 62fdf1f143b41e24485cea50d1cbac27 -> 
  custom:video-decoder-ogg-theora: a1e56fd34408186e4bbccfd4996cb3dc -> 
  custom:container-demuxer-webm: 4f35f7cbe854078d1ac9338744f61a02 -> 
  custom:container-muxer-webm: aa71ff27fc2769a1b78a27578f13a17b -> 
  custom:video-decoder-webm-vp8: 9c59270c3fd7afecdb556c50c9e8de78 -> 
  custom:AudioImporter_EditorPlatform: 3918e3fc78b5a79bad01e8451be0beb8 -> 
  custom:framework-osx-AVFoundation: e770b220cccbd017edd2c1fefb359320 -> 
  custom:video-encoder-webm-vp8: eb34c28f22e8b96e1ab97ce403110664 -> 
  custom:audio-decoder-ogg-vorbis: bf7c407c2cedff20999df2af8eb42d56 -> 
  custom:audio-encoder-webm-vorbis: bf7c407c2cedff20999df2af8eb42d56 -> 
========================================================================
Received Import Request.
  Time since last request: 71939.373169 seconds.
  path: Assets/CreativeCore_Audio/Audio/waterstep4.wav
  artifactKey: Guid(6dedbc0119502ba479a84f77c0e5cecc) Importer(2089858483,0ecaa5967403d082aa24f35e1b516d23)
Start importing Assets/CreativeCore_Audio/Audio/waterstep4.wav using Guid(6dedbc0119502ba479a84f77c0e5cecc) Importer(2089858483,0ecaa5967403d082aa24f35e1b516d23)  -> (artifact id: '8e7cbcb53ce7ebdb7ca11720911d0c78') in 0.368921 seconds
Number of updated asset objects reloaded before import = 0
Number of asset objects unloaded after import = 1
========================================================================
Received Import Request.
  Time since last request: 0.000314 seconds.
  path: Assets/CreativeCore_Audio/Materials/Blue.mat
  artifactKey: Guid(7e43b487890baf74796ab34547473a7d) Importer(2089858483,0ecaa5967403d082aa24f35e1b516d23)
Start importing Assets/CreativeCore_Audio/Materials/Blue.mat using Guid(7e43b487890baf74796ab34547473a7d) Importer(2089858483,0ecaa5967403d082aa24f35e1b516d23)  -> (artifact id: '8b75c5518da442d3544e35cae7b9906e') in 0.080462 seconds
Number of updated asset objects reloaded before import = 0
Number of asset objects unloaded after import = 1
========================================================================
Received Import Request.
  Time since last request: 0.000256 seconds.
  path: Assets/CreativeCore_Audio/Materials/Water.mat
  artifactKey: Guid(34269c72a90c34eae9056931e2d54e25) Importer(2089858483,0ecaa5967403d082aa24f35e1b516d23)
Start importing Assets/CreativeCore_Audio/Materials/Water.mat using Guid(34269c72a90c34eae9056931e2d54e25) Importer(2089858483,0ecaa5967403d082aa24f35e1b516d23)  -> (artifact id: '8fdb07c94f589a6a464bf0c931ada203') in 0.014539 seconds
Number of updated asset objects reloaded before import = 0
Number of asset objects unloaded after import = 1
========================================================================
Received Import Request.
  Time since last request: 0.000816 seconds.
  path: Assets/UniversalRenderPipelineGlobalSettings.asset
  artifactKey: Guid(a2aee44922b6a9d479a30569ce3ee682) Importer(815301076,1909f56bfc062723c751e8b465ee728b)
Start importing Assets/UniversalRenderPipelineGlobalSettings.asset using Guid(a2aee44922b6a9d479a30569ce3ee682) Importer(815301076,1909f56bfc062723c751e8b465ee728b)  -> (artifact id: 'ced5d96efdaf7316dfcfc7dba4fc6b07') in 0.007312 seconds
Number of updated asset objects reloaded before import = 0
Number of asset objects unloaded after import = 1
========================================================================
Received Import Request.
  Time since last request: 0.000209 seconds.
  path: Assets/CreativeCore_Audio/Audio/WaterDroplets.mp3
  artifactKey: Guid(28b85e10f376f0f47868e11d36b707c9) Importer(2089858483,0ecaa5967403d082aa24f35e1b516d23)
Start importing Assets/CreativeCore_Audio/Audio/WaterDroplets.mp3 using Guid(28b85e10f376f0f47868e11d36b707c9) Importer(2089858483,0ecaa5967403d082aa24f35e1b516d23)  -> (artifact id: '57c60e741d42fb1c5261273be077dc4d') in 0.047098 seconds
Number of updated asset objects reloaded before import = 0
Number of asset objects unloaded after import = 1
========================================================================
Received Import Request.
  Time since last request: 0.000382 seconds.
  path: Assets/CreativeCore_Audio/ClosedCaptionSystem/Scripts/System/CCManager.cs
  artifactKey: Guid(20b7e03bf609f394f9f4d59287f6e228) Importer(2089858483,0ecaa5967403d082aa24f35e1b516d23)
Start importing Assets/CreativeCore_Audio/ClosedCaptionSystem/Scripts/System/CCManager.cs using Guid(20b7e03bf609f394f9f4d59287f6e228) Importer(2089858483,0ecaa5967403d082aa24f35e1b516d23)  -> (artifact id: 'c1a11be5e97d25f8f57464548a9c79be') in 0.005553 seconds
Number of updated asset objects reloaded before import = 0
Number of asset objects unloaded after import = 1
========================================================================
Received Import Request.
  Time since last request: 0.000174 seconds.
  path: Assets/CreativeCore_Audio/VFX/Fire/Fire_ParticleSystem_Prefab.prefab
  artifactKey: Guid(c7d67230f1fbbde4c86797e9b55749e3) Importer(2089858483,0ecaa5967403d082aa24f35e1b516d23)
Start importing Assets/CreativeCore_Audio/VFX/Fire/Fire_ParticleSystem_Prefab.prefab using Guid(c7d67230f1fbbde4c86797e9b55749e3) Importer(2089858483,0ecaa5967403d082aa24f35e1b516d23)  -> (artifact id: '4c013346f2418c51084df2ea04763f96') in 0.158193 seconds
Number of updated asset objects reloaded before import = 0
Number of asset objects unloaded after import = 10
========================================================================
Received Import Request.
  Time since last request: 0.004964 seconds.
  path: Assets/CreativeCore_Audio/Audio/waterstep5.wav
  artifactKey: Guid(e0b2f1f4400305947a7138e75f81ccb3) Importer(2089858483,0ecaa5967403d082aa24f35e1b516d23)
Start importing Assets/CreativeCore_Audio/Audio/waterstep5.wav using Guid(e0b2f1f4400305947a7138e75f81ccb3) Importer(2089858483,0ecaa5967403d082aa24f35e1b516d23)  -> (artifact id: '09936d3f327d40bbcdb1e639b1b6e45d') in 0.049966 seconds
Number of updated asset objects reloaded before import = 0
Number of asset objects unloaded after import = 1
========================================================================
Received Import Request.
  Time since last request: 0.004906 seconds.
  path: Assets/CreativeCore_Audio/Scenes/TutorialScene_Audio_Indoor/Lightmap-1_comp_light.exr
  artifactKey: Guid(60a873c8abc2e544388aa7449025deb7) Importer(2089858483,0ecaa5967403d082aa24f35e1b516d23)
Start importing Assets/CreativeCore_Audio/Scenes/TutorialScene_Audio_Indoor/Lightmap-1_comp_light.exr using Guid(60a873c8abc2e544388aa7449025deb7) Importer(2089858483,0ecaa5967403d082aa24f35e1b516d23)  -> (artifact id: '16ecb2b6f47f596588949cd2bacb43f8') in 0.086881 seconds
Number of updated asset objects reloaded before import = 0
Number of asset objects unloaded after import = 1
========================================================================
Received Import Request.
  Time since last request: 0.000235 seconds.
  path: Assets/CreativeCore_Audio/StarterAssets/Editor/PackageChecker/PackageChecker.cs
  artifactKey: Guid(7315d24058889bb4da8c959c3f2ebaa2) Importer(2089858483,0ecaa5967403d082aa24f35e1b516d23)
Start importing Assets/CreativeCore_Audio/StarterAssets/Editor/PackageChecker/PackageChecker.cs using Guid(7315d24058889bb4da8c959c3f2ebaa2) Importer(2089858483,0ecaa5967403d082aa24f35e1b516d23)  -> (artifact id: '58233d09398eac59fe4aebb23f9af0cb') in 0.009396 seconds
Number of updated asset objects reloaded before import = 0
Number of asset objects unloaded after import = 1
========================================================================
Received Import Request.
  Time since last request: 0.000301 seconds.
  path: Assets/CreativeCore_Audio/Materials/Green.mat
  artifactKey: Guid(94c4f0f8c57f1aa449452d6753abe868) Importer(2089858483,0ecaa5967403d082aa24f35e1b516d23)
Start importing Assets/CreativeCore_Audio/Materials/Green.mat using Guid(94c4f0f8c57f1aa449452d6753abe868) Importer(2089858483,0ecaa5967403d082aa24f35e1b516d23)  -> (artifact id: '04819f0988f9b62345c558aee852df47') in 0.006846 seconds
Number of updated asset objects reloaded before import = 0
Number of asset objects unloaded after import = 1
========================================================================
Received Import Request.
  Time since last request: 0.000618 seconds.
  path: Assets/CreativeCore_Audio/ClosedCaptionSystem/Data/CCDatabase.asset
  artifactKey: Guid(b1268527e8a2f8d48b3959ed0a30f996) Importer(2089858483,0ecaa5967403d082aa24f35e1b516d23)
Start importing Assets/CreativeCore_Audio/ClosedCaptionSystem/Data/CCDatabase.asset using Guid(b1268527e8a2f8d48b3959ed0a30f996) Importer(2089858483,0ecaa5967403d082aa24f35e1b516d23)  -> (artifact id: '7df786f74887cd7b770d12fff2854c72') in 0.030090 seconds
Number of updated asset objects reloaded before import = 0
Number of asset objects unloaded after import = 2
========================================================================
Received Import Request.
  Time since last request: 0.000459 seconds.
  path: Assets/CreativeCore_Audio/Materials/Grass.mat
  artifactKey: Guid(b3582eb90927b47e7b50686bf0f90fb3) Importer(2089858483,0ecaa5967403d082aa24f35e1b516d23)
Start importing Assets/CreativeCore_Audio/Materials/Grass.mat using Guid(b3582eb90927b47e7b50686bf0f90fb3) Importer(2089858483,0ecaa5967403d082aa24f35e1b516d23)  -> (artifact id: '8a9f6305b9c902e86db6b24eaba3eeeb') in 0.006695 seconds
Number of updated asset objects reloaded before import = 0
Number of asset objects unloaded after import = 1
========================================================================
Received Import Request.
  Time since last request: 0.000149 seconds.
  path: Assets/CreativeCore_Audio/Settings/PostProcessing/PostProcessingProfile_Generic.asset
  artifactKey: Guid(7e98ee08b22ba33468b1b347fa056b68) Importer(2089858483,0ecaa5967403d082aa24f35e1b516d23)
Start importing Assets/CreativeCore_Audio/Settings/PostProcessing/PostProcessingProfile_Generic.asset using Guid(7e98ee08b22ba33468b1b347fa056b68) Importer(2089858483,0ecaa5967403d082aa24f35e1b516d23)  -> (artifact id: '504bee26f35e578742fd7147064f1466') in 0.022131 seconds
Number of updated asset objects reloaded before import = 0
Number of asset objects unloaded after import = 5
========================================================================
Received Import Request.
  Time since last request: 0.000269 seconds.
  path: Assets/CreativeCore_Audio/ClosedCaptionSystem/Textures/UI/CCIndicator.png
  artifactKey: Guid(128aa030d6de5274ab1a010ee9473a62) Importer(2089858483,0ecaa5967403d082aa24f35e1b516d23)
Start importing Assets/CreativeCore_Audio/ClosedCaptionSystem/Textures/UI/CCIndicator.png using Guid(128aa030d6de5274ab1a010ee9473a62) Importer(2089858483,0ecaa5967403d082aa24f35e1b516d23)  -> (artifact id: '489da999302f179ea3e310b2f5903eb5') in 0.015655 seconds
Number of updated asset objects reloaded before import = 0
Number of asset objects unloaded after import = 3
========================================================================
Received Import Request.
  Time since last request: 0.000063 seconds.
  path: Assets/CreativeCore_Audio/Scenes/TutorialScene_Audio_Outdoor/ReflectionProbe-1.exr
  artifactKey: Guid(c91a1f7a78bb9e449b3f1584e4acefc7) Importer(2089858483,0ecaa5967403d082aa24f35e1b516d23)
Start importing Assets/CreativeCore_Audio/Scenes/TutorialScene_Audio_Outdoor/ReflectionProbe-1.exr using Guid(c91a1f7a78bb9e449b3f1584e4acefc7) Importer(2089858483,0ecaa5967403d082aa24f35e1b516d23)  -> (artifact id: '743be7e2e802133b1450e6072a788636') in 0.012341 seconds
Number of updated asset objects reloaded before import = 0
Number of asset objects unloaded after import = 1
========================================================================
Received Import Request.
  Time since last request: 0.000159 seconds.
  path: Assets/CreativeCore_Audio/Scenes/TutorialScene_Audio_Indoor/ReflectionProbe-1.exr
  artifactKey: Guid(1a6a227eec8a5be40ab3628e5c218fab) Importer(2089858483,0ecaa5967403d082aa24f35e1b516d23)
Start importing Assets/CreativeCore_Audio/Scenes/TutorialScene_Audio_Indoor/ReflectionProbe-1.exr using Guid(1a6a227eec8a5be40ab3628e5c218fab) Importer(2089858483,0ecaa5967403d082aa24f35e1b516d23)  -> (artifact id: '94c65ad64e02c08d7a39df896f329c0c') in 0.007981 seconds
Number of updated asset objects reloaded before import = 0
Number of asset objects unloaded after import = 1
========================================================================
Received Import Request.
  Time since last request: 0.000137 seconds.
  path: Assets/CreativeCore_Audio/Scenes/TutorialScene_Audio_Outdoor/Lightmap-0_comp_dir.png
  artifactKey: Guid(8ab24255756d4a14baa555c43c5ad277) Importer(2089858483,0ecaa5967403d082aa24f35e1b516d23)
Start importing Assets/CreativeCore_Audio/Scenes/TutorialScene_Audio_Outdoor/Lightmap-0_comp_dir.png using Guid(8ab24255756d4a14baa555c43c5ad277) Importer(2089858483,0ecaa5967403d082aa24f35e1b516d23)  -> (artifact id: '04e2bed9d8620356e4dabde44f047e7b') in 0.015192 seconds
Number of updated asset objects reloaded before import = 0
Number of asset objects unloaded after import = 1
========================================================================
Received Import Request.
  Time since last request: 0.000128 seconds.
  path: Assets/CreativeCore_Audio/StarterAssets/InputSystem/StarterAssetsInputs.cs
  artifactKey: Guid(e087ecce43ebbff45a1b360637807d93) Importer(2089858483,0ecaa5967403d082aa24f35e1b516d23)
Start importing Assets/CreativeCore_Audio/StarterAssets/InputSystem/StarterAssetsInputs.cs using Guid(e087ecce43ebbff45a1b360637807d93) Importer(2089858483,0ecaa5967403d082aa24f35e1b516d23)  -> (artifact id: 'd7ef44344abbbdf53f49379c57275e66') in 0.002440 seconds
Number of updated asset objects reloaded before import = 0
Number of asset objects unloaded after import = 1
========================================================================
Received Import Request.
  Time since last request: 0.000183 seconds.
  path: Assets/CreativeCore_Audio/StarterAssets/Readme.asset
  artifactKey: Guid(4181bfe715a83e843b7538d750dc57cc) Importer(2089858483,0ecaa5967403d082aa24f35e1b516d23)
Start importing Assets/CreativeCore_Audio/StarterAssets/Readme.asset using Guid(4181bfe715a83e843b7538d750dc57cc) Importer(2089858483,0ecaa5967403d082aa24f35e1b516d23)  -> (artifact id: '5018b92b478fa9b9eac7c5d1ff3f95ec') in 0.003626 seconds
Number of updated asset objects reloaded before import = 0
Number of asset objects unloaded after import = 1
========================================================================
Received Import Request.
  Time since last request: 0.000118 seconds.
  path: Assets/CreativeCore_Audio/Audio/cavestep1.wav
  artifactKey: Guid(e6addbf6c83b992459c02da48a938195) Importer(2089858483,0ecaa5967403d082aa24f35e1b516d23)
Start importing Assets/CreativeCore_Audio/Audio/cavestep1.wav using Guid(e6addbf6c83b992459c02da48a938195) Importer(2089858483,0ecaa5967403d082aa24f35e1b516d23)  -> (artifact id: 'af913282616757404a4fddbd06ebff5b') in 0.022024 seconds
Number of updated asset objects reloaded before import = 0
Number of asset objects unloaded after import = 1
========================================================================
Received Import Request.
  Time since last request: 0.000123 seconds.
  path: Assets/CreativeCore_Audio/Scenes/FinalScene_Audio_Outdoor/ReflectionProbe-1.exr
  artifactKey: Guid(6bb1a136e196a354792fbfca5c76f707) Importer(2089858483,0ecaa5967403d082aa24f35e1b516d23)
Start importing Assets/CreativeCore_Audio/Scenes/FinalScene_Audio_Outdoor/ReflectionProbe-1.exr using Guid(6bb1a136e196a354792fbfca5c76f707) Importer(2089858483,0ecaa5967403d082aa24f35e1b516d23)  -> (artifact id: '9dcc87a3a54a42a1d2efd35e70755c36') in 0.008570 seconds
Number of updated asset objects reloaded before import = 0
Number of asset objects unloaded after import = 1
========================================================================
Received Import Request.
  Time since last request: 0.000112 seconds.
  path: Assets/CreativeCore_Audio/ClosedCaptionSystem/Scripts/System/CCCanvas.cs
  artifactKey: Guid(2675de3721f1b9149bcff22ce6248d25) Importer(2089858483,0ecaa5967403d082aa24f35e1b516d23)
Start importing Assets/CreativeCore_Audio/ClosedCaptionSystem/Scripts/System/CCCanvas.cs using Guid(2675de3721f1b9149bcff22ce6248d25) Importer(2089858483,0ecaa5967403d082aa24f35e1b516d23)  -> (artifact id: 'ce2fddb3eaf1b0822e5e67da6d723de2') in 0.002062 seconds
Number of updated asset objects reloaded before import = 0
Number of asset objects unloaded after import = 1
========================================================================
Received Import Request.
  Time since last request: 0.000119 seconds.
  path: Assets/CreativeCore_Audio/Scenes/TutorialScene_Audio_Indoor/ReflectionProbe-0.exr
  artifactKey: Guid(76adcdac95568a14bb973b6ed4a2093b) Importer(2089858483,0ecaa5967403d082aa24f35e1b516d23)
Start importing Assets/CreativeCore_Audio/Scenes/TutorialScene_Audio_Indoor/ReflectionProbe-0.exr using Guid(76adcdac95568a14bb973b6ed4a2093b) Importer(2089858483,0ecaa5967403d082aa24f35e1b516d23)  -> (artifact id: '25468885f43630b664de90c60ceda068') in 0.009173 seconds
Number of updated asset objects reloaded before import = 0
Number of asset objects unloaded after import = 1
========================================================================
Received Import Request.
  Time since last request: 0.000068 seconds.
  path: Assets/CreativeCore_Audio/Audio/cavestep2.wav
  artifactKey: Guid(5282d14cb6967db4a983bc45d48f668b) Importer(2089858483,0ecaa5967403d082aa24f35e1b516d23)
Start importing Assets/CreativeCore_Audio/Audio/cavestep2.wav using Guid(5282d14cb6967db4a983bc45d48f668b) Importer(2089858483,0ecaa5967403d082aa24f35e1b516d23)  -> (artifact id: '08000b0c0081107eed8fecc75b25b00d') in 0.023918 seconds
Number of updated asset objects reloaded before import = 0
Number of asset objects unloaded after import = 1
========================================================================
Received Import Request.
  Time since last request: 0.000103 seconds.
  path: Assets/CreativeCore_Audio/VFX/Fire/SparksMaterial.mat
  artifactKey: Guid(66b74d66e1537114cabd1cab4e5054d4) Importer(2089858483,0ecaa5967403d082aa24f35e1b516d23)
Start importing Assets/CreativeCore_Audio/VFX/Fire/SparksMaterial.mat using Guid(66b74d66e1537114cabd1cab4e5054d4) Importer(2089858483,0ecaa5967403d082aa24f35e1b516d23)  -> (artifact id: '5c34bbed53358c0af2be7621451c1998') in 0.012241 seconds
Number of updated asset objects reloaded before import = 0
Number of asset objects unloaded after import = 2
========================================================================
Received Import Request.
  Time since last request: 0.000057 seconds.
  path: Assets/CreativeCore_Audio/StarterAssets/Editor/ThirdPersonStarterAssetsDeployMenu.cs
  artifactKey: Guid(b70f45aa92a641feb261c5d55ce46edf) Importer(2089858483,0ecaa5967403d082aa24f35e1b516d23)
Start importing Assets/CreativeCore_Audio/StarterAssets/Editor/ThirdPersonStarterAssetsDeployMenu.cs using Guid(b70f45aa92a641feb261c5d55ce46edf) Importer(2089858483,0ecaa5967403d082aa24f35e1b516d23)  -> (artifact id: '9178161b62125df73135de3403fc155d') in 0.002440 seconds
Number of updated asset objects reloaded before import = 0
Number of asset objects unloaded after import = 1
========================================================================
Received Import Request.
  Time since last request: 0.000120 seconds.
  path: Assets/CreativeCore_Audio/Scenes/FinalScene_Audio_Outdoor/Lightmap-0_comp_light.exr
  artifactKey: Guid(18b61715fbe322c488c5c097ac65c6db) Importer(2089858483,0ecaa5967403d082aa24f35e1b516d23)
Start importing Assets/CreativeCore_Audio/Scenes/FinalScene_Audio_Outdoor/Lightmap-0_comp_light.exr using Guid(18b61715fbe322c488c5c097ac65c6db) Importer(2089858483,0ecaa5967403d082aa24f35e1b516d23)  -> (artifact id: '20313be467492e481e824282582ebff9') in 0.010460 seconds
Number of updated asset objects reloaded before import = 0
Number of asset objects unloaded after import = 1
========================================================================
Received Import Request.
  Time since last request: 0.000259 seconds.
  path: Assets/CreativeCore_Audio/StarterAssets/ThirdPersonController/Prefabs/PlayerArmature.prefab
  artifactKey: Guid(64dce48905ffd9b4293e595fa6941544) Importer(2089858483,0ecaa5967403d082aa24f35e1b516d23)
Start importing Assets/CreativeCore_Audio/StarterAssets/ThirdPersonController/Prefabs/PlayerArmature.prefab using Guid(64dce48905ffd9b4293e595fa6941544) Importer(2089858483,0ecaa5967403d082aa24f35e1b516d23)  -> (artifact id: '17c2b5fbcd06dd64cc95cbff2d9d512a') in 0.048426 seconds
Number of updated asset objects reloaded before import = 0
Number of asset objects unloaded after import = 180
========================================================================
Received Import Request.
  Time since last request: 0.005707 seconds.
  path: Assets/CreativeCore_Audio/StarterAssets/license.txt
  artifactKey: Guid(b846ecad8a98bd34dba8a5daf996d86e) Importer(2089858483,0ecaa5967403d082aa24f35e1b516d23)
Start importing Assets/CreativeCore_Audio/StarterAssets/license.txt using Guid(b846ecad8a98bd34dba8a5daf996d86e) Importer(2089858483,0ecaa5967403d082aa24f35e1b516d23)  -> (artifact id: '0d668c063c4217bdcc1f807320f68632') in 0.002470 seconds
Number of updated asset objects reloaded before import = 0
Number of asset objects unloaded after import = 1
========================================================================
Received Import Request.
  Time since last request: 0.000504 seconds.
  path: Assets/CreativeCore_Audio/StarterAssets/ThirdPersonController/Prefabs/PlayerFollowCamera.prefab
  artifactKey: Guid(a1a802ecaf6775746bb2a929fb554ad8) Importer(2089858483,0ecaa5967403d082aa24f35e1b516d23)
Start importing Assets/CreativeCore_Audio/StarterAssets/ThirdPersonController/Prefabs/PlayerFollowCamera.prefab using Guid(a1a802ecaf6775746bb2a929fb554ad8) Importer(2089858483,0ecaa5967403d082aa24f35e1b516d23)  -> (artifact id: 'e9b167b3d8944c986444140964a3617c') in 0.011806 seconds
Number of updated asset objects reloaded before import = 0
Number of asset objects unloaded after import = 11
========================================================================
Received Import Request.
  Time since last request: 0.000082 seconds.
  path: Assets/CreativeCore_Audio/Scenes/TutorialScene_Audio_Indoor/Lightmap-0_comp_dir.png
  artifactKey: Guid(754db26dc8b27b248bbcec3310f8c76a) Importer(2089858483,0ecaa5967403d082aa24f35e1b516d23)
Start importing Assets/CreativeCore_Audio/Scenes/TutorialScene_Audio_Indoor/Lightmap-0_comp_dir.png using Guid(754db26dc8b27b248bbcec3310f8c76a) Importer(2089858483,0ecaa5967403d082aa24f35e1b516d23)  -> (artifact id: '17d629b3c7efc5ec9ce9a3f184a73e06') in 0.014325 seconds
Number of updated asset objects reloaded before import = 0
Number of asset objects unloaded after import = 1
========================================================================
Received Import Request.
  Time since last request: 0.000157 seconds.
  path: Assets/CreativeCore_Audio/Materials/GrayShade3.mat
  artifactKey: Guid(c1368253e3e7e2044b3f6b8bbdae2288) Importer(2089858483,0ecaa5967403d082aa24f35e1b516d23)
Start importing Assets/CreativeCore_Audio/Materials/GrayShade3.mat using Guid(c1368253e3e7e2044b3f6b8bbdae2288) Importer(2089858483,0ecaa5967403d082aa24f35e1b516d23)  -> (artifact id: '7b0ce5ddaf5e807cd235205fbdeff692') in 0.003571 seconds
Number of updated asset objects reloaded before import = 0
Number of asset objects unloaded after import = 1
========================================================================
Received Import Request.
  Time since last request: 0.000113 seconds.
  path: Assets/CreativeCore_Audio/Audio/cavestep4.wav
  artifactKey: Guid(51e36d69021dbd743b6533dc6bcfa157) Importer(2089858483,0ecaa5967403d082aa24f35e1b516d23)
Start importing Assets/CreativeCore_Audio/Audio/cavestep4.wav using Guid(51e36d69021dbd743b6533dc6bcfa157) Importer(2089858483,0ecaa5967403d082aa24f35e1b516d23)  -> (artifact id: 'a0c6b512805967ff1149474909562024') in 0.022168 seconds
Number of updated asset objects reloaded before import = 0
Number of asset objects unloaded after import = 1
========================================================================
Received Import Request.
  Time since last request: 0.000155 seconds.
  path: Assets/CreativeCore_Audio/StarterAssets/ThirdPersonController/Character/TutorialAnimations/Locomotion--Walk_N.anim.fbx
  artifactKey: Guid(0b5a15d029b45fa4984e490e39e5bc93) Importer(2089858483,0ecaa5967403d082aa24f35e1b516d23)
Start importing Assets/CreativeCore_Audio/StarterAssets/ThirdPersonController/Character/TutorialAnimations/Locomotion--Walk_N.anim.fbx using Guid(0b5a15d029b45fa4984e490e39e5bc93) Importer(2089858483,0ecaa5967403d082aa24f35e1b516d23)  -> (artifact id: 'f832f5aadb35ab81715030f65b7f7d02') in 0.029168 seconds
Number of updated asset objects reloaded before import = 0
Number of asset objects unloaded after import = 144
========================================================================
Received Import Request.
  Time since last request: 0.000050 seconds.
  path: Assets/CreativeCore_Audio/StarterAssets/ThirdPersonController/Character/Textures/Armature_Legs_AlbedoTransparency.tif
  artifactKey: Guid(c444e3d02d2fcff4d9fe5211d67652a0) Importer(2089858483,0ecaa5967403d082aa24f35e1b516d23)
Start importing Assets/CreativeCore_Audio/StarterAssets/ThirdPersonController/Character/Textures/Armature_Legs_AlbedoTransparency.tif using Guid(c444e3d02d2fcff4d9fe5211d67652a0) Importer(2089858483,0ecaa5967403d082aa24f35e1b516d23)  -> (artifact id: 'e5f230a6dfc4fd1a7e78d632050cf7fe') in 0.015852 seconds
Number of updated asset objects reloaded before import = 0
Number of asset objects unloaded after import = 1
========================================================================
Received Import Request.
  Time since last request: 0.000107 seconds.
  path: Assets/CreativeCore_Audio/StarterAssets/ThirdPersonController/Character/CompleteAnimations/CompleteLocomotion--Run_N_Land.anim.fbx
  artifactKey: Guid(3c033631149b9c541bcf155cd94cccba) Importer(2089858483,0ecaa5967403d082aa24f35e1b516d23)
Start importing Assets/CreativeCore_Audio/StarterAssets/ThirdPersonController/Character/CompleteAnimations/CompleteLocomotion--Run_N_Land.anim.fbx using Guid(3c033631149b9c541bcf155cd94cccba) Importer(2089858483,0ecaa5967403d082aa24f35e1b516d23)  -> (artifact id: '0c9318f081c17b69100de12cf1673bfc') in 0.016317 seconds
Number of updated asset objects reloaded before import = 0
Number of asset objects unloaded after import = 144
========================================================================
Received Import Request.
  Time since last request: 0.000054 seconds.
  path: Assets/CreativeCore_Audio/StarterAssets/ThirdPersonController/Character/TutorialAnimations/Jump--InAir.anim.fbx
  artifactKey: Guid(6ad72b1a34ec09b4ba4417c82c77874c) Importer(2089858483,0ecaa5967403d082aa24f35e1b516d23)
Start importing Assets/CreativeCore_Audio/StarterAssets/ThirdPersonController/Character/TutorialAnimations/Jump--InAir.anim.fbx using Guid(6ad72b1a34ec09b4ba4417c82c77874c) Importer(2089858483,0ecaa5967403d082aa24f35e1b516d23)  -> (artifact id: '1b35c558c52f990a88d1381d22692e18') in 0.014284 seconds
Number of updated asset objects reloaded before import = 0
Number of asset objects unloaded after import = 144
========================================================================
Received Import Request.
  Time since last request: 0.000049 seconds.
  path: Assets/CreativeCore_Audio/StarterAssets/ThirdPersonController/Character/CompleteAnimations/CompleteLocomotion--Walk_N_Land.anim.fbx
  artifactKey: Guid(325a26d62b61fa94cb3c97c435efebc5) Importer(2089858483,0ecaa5967403d082aa24f35e1b516d23)
Start importing Assets/CreativeCore_Audio/StarterAssets/ThirdPersonController/Character/CompleteAnimations/CompleteLocomotion--Walk_N_Land.anim.fbx using Guid(325a26d62b61fa94cb3c97c435efebc5) Importer(2089858483,0ecaa5967403d082aa24f35e1b516d23)  -> (artifact id: 'de5acbff59f5bc082e2cf0918fc1038d') in 0.015199 seconds
Number of updated asset objects reloaded before import = 0
Number of asset objects unloaded after import = 144
========================================================================
Received Import Request.
  Time since last request: 0.000046 seconds.
  path: Assets/CreativeCore_Audio/StarterAssets/ThirdPersonController/Character/Textures/Armature_Arms_MetallicSmoothness.tif
  artifactKey: Guid(b41d630ccc344454bb1f27587f9acd70) Importer(2089858483,0ecaa5967403d082aa24f35e1b516d23)
Start importing Assets/CreativeCore_Audio/StarterAssets/ThirdPersonController/Character/Textures/Armature_Arms_MetallicSmoothness.tif using Guid(b41d630ccc344454bb1f27587f9acd70) Importer(2089858483,0ecaa5967403d082aa24f35e1b516d23)  -> (artifact id: 'e2f36f936eb7f82c25a7e782dd62c638') in 0.011243 seconds
Number of updated asset objects reloaded before import = 0
Number of asset objects unloaded after import = 1
========================================================================
Received Import Request.
  Time since last request: 0.000157 seconds.
  path: Assets/CreativeCore_Audio/StarterAssets/ThirdPersonController/Character/Materials/M_Armature_Legs.mat
  artifactKey: Guid(8b25e99361ac31d4e9ae83c46aee69ea) Importer(2089858483,0ecaa5967403d082aa24f35e1b516d23)
Start importing Assets/CreativeCore_Audio/StarterAssets/ThirdPersonController/Character/Materials/M_Armature_Legs.mat using Guid(8b25e99361ac31d4e9ae83c46aee69ea) Importer(2089858483,0ecaa5967403d082aa24f35e1b516d23)  -> (artifact id: '6c65fab993a5bef0de4323a450bca11d') in 0.018257 seconds
Number of updated asset objects reloaded before import = 0
Number of asset objects unloaded after import = 4
========================================================================
Received Import Request.
  Time since last request: 0.000152 seconds.
  path: Assets/CreativeCore_Audio/StarterAssets/ThirdPersonController/Character/TutorialAnimations/Jump--Jump.anim.fbx
  artifactKey: Guid(9f549d84fe7135940a93565fcdfc4d93) Importer(2089858483,0ecaa5967403d082aa24f35e1b516d23)
Start importing Assets/CreativeCore_Audio/StarterAssets/ThirdPersonController/Character/TutorialAnimations/Jump--Jump.anim.fbx using Guid(9f549d84fe7135940a93565fcdfc4d93) Importer(2089858483,0ecaa5967403d082aa24f35e1b516d23)  -> (artifact id: 'b76cad6c70cae8a5b68cbc7e6be63ee0') in 0.027933 seconds
Number of updated asset objects reloaded before import = 0
Number of asset objects unloaded after import = 145
========================================================================
Received Import Request.
  Time since last request: 0.000048 seconds.
  path: Assets/CreativeCore_Audio/StarterAssets/ThirdPersonController/Character/CompleteAnimations/CompleteStarterAssetsThirdPerson.controller
  artifactKey: Guid(40db3173a05ae3242b1c182a09b0a183) Importer(2089858483,0ecaa5967403d082aa24f35e1b516d23)
Start importing Assets/CreativeCore_Audio/StarterAssets/ThirdPersonController/Character/CompleteAnimations/CompleteStarterAssetsThirdPerson.controller using Guid(40db3173a05ae3242b1c182a09b0a183) Importer(2089858483,0ecaa5967403d082aa24f35e1b516d23)  -> (artifact id: 'eac477d15f06a51aba5fe697d37fb5a4') in 0.007559 seconds
Number of updated asset objects reloaded before import = 0
Number of asset objects unloaded after import = 22
========================================================================
Received Import Request.
  Time since last request: 0.000065 seconds.
  path: Assets/CreativeCore_Audio/Scenes/TutorialScene_Audio_Indoor/Lightmap-1_comp_dir.png
  artifactKey: Guid(80158b8b627665c408deebe7eb159712) Importer(2089858483,0ecaa5967403d082aa24f35e1b516d23)
Start importing Assets/CreativeCore_Audio/Scenes/TutorialScene_Audio_Indoor/Lightmap-1_comp_dir.png using Guid(80158b8b627665c408deebe7eb159712) Importer(2089858483,0ecaa5967403d082aa24f35e1b516d23)  -> (artifact id: '4f57902d9a1b9dd569f62db320aba111') in 0.009864 seconds
Number of updated asset objects reloaded before import = 0
Number of asset objects unloaded after import = 1
========================================================================
Received Import Request.
  Time since last request: 0.000192 seconds.
  path: Assets/CreativeCore_Audio/Scenes/TutorialScene_Audio_Indoor/LightingData.asset
  artifactKey: Guid(7cf6bb110d62b3e42b9f02a5d99ba5f0) Importer(2089858483,0ecaa5967403d082aa24f35e1b516d23)
Start importing Assets/CreativeCore_Audio/Scenes/TutorialScene_Audio_Indoor/LightingData.asset using Guid(7cf6bb110d62b3e42b9f02a5d99ba5f0) Importer(2089858483,0ecaa5967403d082aa24f35e1b516d23)  -> (artifact id: '000d48a433efbf3f55a079f685d54869') in 0.005212 seconds
Number of updated asset objects reloaded before import = 0
Number of asset objects unloaded after import = 2
========================================================================
Received Import Request.
  Time since last request: 0.000085 seconds.
  path: Assets/CreativeCore_Audio/ClosedCaptionSystem/Scripts/Editor/CCDatabaseEditor.cs
  artifactKey: Guid(d7d1307cfd5044442acbe54f2448984a) Importer(2089858483,0ecaa5967403d082aa24f35e1b516d23)
Start importing Assets/CreativeCore_Audio/ClosedCaptionSystem/Scripts/Editor/CCDatabaseEditor.cs using Guid(d7d1307cfd5044442acbe54f2448984a) Importer(2089858483,0ecaa5967403d082aa24f35e1b516d23)  -> (artifact id: '3a44df2d517a3f3055ffe7dc391aabd3') in 0.002709 seconds
Number of updated asset objects reloaded before import = 0
Number of asset objects unloaded after import = 1
========================================================================
Received Import Request.
  Time since last request: 0.000092 seconds.
  path: Assets/CreativeCore_Audio/StarterAssets/ThirdPersonController/Character/Textures/Armature_Body_Normal.tif
  artifactKey: Guid(2a3daea46c599324e873f935ab08000a) Importer(2089858483,0ecaa5967403d082aa24f35e1b516d23)
Start importing Assets/CreativeCore_Audio/StarterAssets/ThirdPersonController/Character/Textures/Armature_Body_Normal.tif using Guid(2a3daea46c599324e873f935ab08000a) Importer(2089858483,0ecaa5967403d082aa24f35e1b516d23)  -> (artifact id: '014e200b5f17f403bd38e4e70fcd20e7') in 0.014305 seconds
Number of updated asset objects reloaded before import = 0
Number of asset objects unloaded after import = 1
========================================================================
Received Import Request.
  Time since last request: 0.000237 seconds.
  path: Assets/CreativeCore_Audio/Audio/grassstep4.wav
  artifactKey: Guid(6c2f3473f3d408e4f9c5340d819ff8bb) Importer(2089858483,0ecaa5967403d082aa24f35e1b516d23)
Start importing Assets/CreativeCore_Audio/Audio/grassstep4.wav using Guid(6c2f3473f3d408e4f9c5340d819ff8bb) Importer(2089858483,0ecaa5967403d082aa24f35e1b516d23)  -> (artifact id: 'e0f975b6da9358c02f537da0c5ea179c') in 0.023818 seconds
Number of updated asset objects reloaded before import = 0
Number of asset objects unloaded after import = 1
========================================================================
Received Import Request.
  Time since last request: 0.000131 seconds.
  path: Assets/CreativeCore_Audio/StarterAssets/ThirdPersonController/Character/CompleteAnimations/CompleteLocomotion--Run_N.anim.fbx
  artifactKey: Guid(16114d403eabb53438de032c6f0d1deb) Importer(2089858483,0ecaa5967403d082aa24f35e1b516d23)
Start importing Assets/CreativeCore_Audio/StarterAssets/ThirdPersonController/Character/CompleteAnimations/CompleteLocomotion--Run_N.anim.fbx using Guid(16114d403eabb53438de032c6f0d1deb) Importer(2089858483,0ecaa5967403d082aa24f35e1b516d23)  -> (artifact id: '790908651f357673ca1e2ceaa225a1f3') in 0.014872 seconds
Number of updated asset objects reloaded before import = 0
Number of asset objects unloaded after import = 144
========================================================================
Received Import Request.
  Time since last request: 0.000045 seconds.
  path: Assets/CreativeCore_Audio/Scenes/FinalScene_Audio_Outdoor/LightingData.asset
  artifactKey: Guid(4971d5e120f0f51499f83abb0e976b18) Importer(2089858483,0ecaa5967403d082aa24f35e1b516d23)
Start importing Assets/CreativeCore_Audio/Scenes/FinalScene_Audio_Outdoor/LightingData.asset using Guid(4971d5e120f0f51499f83abb0e976b18) Importer(2089858483,0ecaa5967403d082aa24f35e1b516d23)  -> (artifact id: 'd16ad1aa5e27820545b765a325490ebb') in 0.002377 seconds
Number of updated asset objects reloaded before import = 0
Number of asset objects unloaded after import = 2
========================================================================
Received Import Request.
  Time since last request: 0.000075 seconds.
  path: Assets/CreativeCore_Audio/Scenes/TutorialScene_Audio_Outdoor/Lightmap-2_comp_light.exr
  artifactKey: Guid(5a0f4a794a366344db9d7896d4755ceb) Importer(2089858483,0ecaa5967403d082aa24f35e1b516d23)
Start importing Assets/CreativeCore_Audio/Scenes/TutorialScene_Audio_Outdoor/Lightmap-2_comp_light.exr using Guid(5a0f4a794a366344db9d7896d4755ceb) Importer(2089858483,0ecaa5967403d082aa24f35e1b516d23)  -> (artifact id: '918d502ec544ea1a6b68958906cb797c') in 0.010648 seconds
Number of updated asset objects reloaded before import = 0
Number of asset objects unloaded after import = 1
========================================================================
Received Import Request.
  Time since last request: 0.000119 seconds.
  path: Assets/CreativeCore_Audio/Scenes/TutorialScene_Audio_Indoor/Lightmap-0_comp_light.exr
  artifactKey: Guid(c0ad6c59c100b4044815f031d3172638) Importer(2089858483,0ecaa5967403d082aa24f35e1b516d23)
Start importing Assets/CreativeCore_Audio/Scenes/TutorialScene_Audio_Indoor/Lightmap-0_comp_light.exr using Guid(c0ad6c59c100b4044815f031d3172638) Importer(2089858483,0ecaa5967403d082aa24f35e1b516d23)  -> (artifact id: '43ead878702b3f3adcf2f1ba52166c35') in 0.010312 seconds
Number of updated asset objects reloaded before import = 0
Number of asset objects unloaded after import = 1
========================================================================
Received Import Request.
  Time since last request: 0.000133 seconds.
  path: Assets/CreativeCore_Audio/StarterAssets/ThirdPersonController/Character/Materials/M_Armature_Body.mat
  artifactKey: Guid(43714b68324cc2c409d534d9874f2a2b) Importer(2089858483,0ecaa5967403d082aa24f35e1b516d23)
Start importing Assets/CreativeCore_Audio/StarterAssets/ThirdPersonController/Character/Materials/M_Armature_Body.mat using Guid(43714b68324cc2c409d534d9874f2a2b) Importer(2089858483,0ecaa5967403d082aa24f35e1b516d23)  -> (artifact id: '0bb4521a5eee6eb29746bdc7d1ec8744') in 0.017985 seconds
Number of updated asset objects reloaded before import = 0
Number of asset objects unloaded after import = 4
========================================================================
Received Import Request.
  Time since last request: 0.000149 seconds.
  path: Assets/CreativeCore_Audio/Materials/Red.mat
  artifactKey: Guid(8a33237ef07ea744e8b9d82aec2c52b6) Importer(2089858483,0ecaa5967403d082aa24f35e1b516d23)
Start importing Assets/CreativeCore_Audio/Materials/Red.mat using Guid(8a33237ef07ea744e8b9d82aec2c52b6) Importer(2089858483,0ecaa5967403d082aa24f35e1b516d23)  -> (artifact id: 'd792c9fe10fad539d2a04916f89fbc28') in 0.004939 seconds
Number of updated asset objects reloaded before import = 0
Number of asset objects unloaded after import = 1
========================================================================
Received Import Request.
  Time since last request: 0.000186 seconds.
  path: Assets/CreativeCore_Audio/Materials/DarkGray.mat
  artifactKey: Guid(23a7e16797dfaad4ba9a20a5f284f02b) Importer(2089858483,0ecaa5967403d082aa24f35e1b516d23)
Start importing Assets/CreativeCore_Audio/Materials/DarkGray.mat using Guid(23a7e16797dfaad4ba9a20a5f284f02b) Importer(2089858483,0ecaa5967403d082aa24f35e1b516d23)  -> (artifact id: 'f23ebe9bd30c2a518fde7395b0c2edcb') in 0.003693 seconds
Number of updated asset objects reloaded before import = 0
Number of asset objects unloaded after import = 1
========================================================================
Received Import Request.
  Time since last request: 0.000123 seconds.
  path: Assets/CreativeCore_Audio/StarterAssets/InputSystem/StarterAssets.inputactions
  artifactKey: Guid(4419d82f33d36e848b3ed5af4c8da37e) Importer(2089858483,0ecaa5967403d082aa24f35e1b516d23)
Start importing Assets/CreativeCore_Audio/StarterAssets/InputSystem/StarterAssets.inputactions using Guid(4419d82f33d36e848b3ed5af4c8da37e) Importer(2089858483,0ecaa5967403d082aa24f35e1b516d23)  -> (artifact id: '29168195a79dea4910df9fe780e4073f') in 0.011650 seconds
Number of updated asset objects reloaded before import = 0
Number of asset objects unloaded after import = 6
========================================================================
Received Import Request.
  Time since last request: 0.000115 seconds.
  path: Assets/CreativeCore_Audio/StarterAssets/Editor/StarterAssetsDeployMenu.cs
  artifactKey: Guid(e75357183ea302c4d998136de2cc9669) Importer(2089858483,0ecaa5967403d082aa24f35e1b516d23)
Start importing Assets/CreativeCore_Audio/StarterAssets/Editor/StarterAssetsDeployMenu.cs using Guid(e75357183ea302c4d998136de2cc9669) Importer(2089858483,0ecaa5967403d082aa24f35e1b516d23)  -> (artifact id: '1ac93dcbc8125cfa9b20e03f9203d034') in 0.002767 seconds
Number of updated asset objects reloaded before import = 0
Number of asset objects unloaded after import = 1
========================================================================
Received Import Request.
  Time since last request: 0.000083 seconds.
  path: Assets/CreativeCore_Audio/Scenes/TutorialScene_Audio_Indoor/Lightmap-2_comp_dir.png
  artifactKey: Guid(722f7225750431841bc93623abcf25b5) Importer(2089858483,0ecaa5967403d082aa24f35e1b516d23)
Start importing Assets/CreativeCore_Audio/Scenes/TutorialScene_Audio_Indoor/Lightmap-2_comp_dir.png using Guid(722f7225750431841bc93623abcf25b5) Importer(2089858483,0ecaa5967403d082aa24f35e1b516d23)  -> (artifact id: '1dc4c237995efa328a090c1dbff4dc35') in 0.012702 seconds
Number of updated asset objects reloaded before import = 0
Number of asset objects unloaded after import = 1
========================================================================
Received Import Request.
  Time since last request: 0.000128 seconds.
  path: Assets/CreativeCore_Audio/StarterAssets/ThirdPersonController/Character/Textures/Armature_Arms_AlbedoTransparency.tif
  artifactKey: Guid(c6dc62700fa06274b9608a9fce8ed21b) Importer(2089858483,0ecaa5967403d082aa24f35e1b516d23)
Start importing Assets/CreativeCore_Audio/StarterAssets/ThirdPersonController/Character/Textures/Armature_Arms_AlbedoTransparency.tif using Guid(c6dc62700fa06274b9608a9fce8ed21b) Importer(2089858483,0ecaa5967403d082aa24f35e1b516d23)  -> (artifact id: '7bacf71d99fc81d26196f769aeef8bad') in 0.010912 seconds
Number of updated asset objects reloaded before import = 0
Number of asset objects unloaded after import = 1
========================================================================
Received Import Request.
  Time since last request: 0.000109 seconds.
  path: Assets/CreativeCore_Audio/Scenes/Audio_Indoor_Scene.unity
  artifactKey: Guid(e1078e3964fac294d994d872d5cee48f) Importer(2089858483,0ecaa5967403d082aa24f35e1b516d23)
Start importing Assets/CreativeCore_Audio/Scenes/Audio_Indoor_Scene.unity using Guid(e1078e3964fac294d994d872d5cee48f) Importer(2089858483,0ecaa5967403d082aa24f35e1b516d23)  -> (artifact id: 'c948ea2450de6eed2b88d402790a5e25') in 0.001691 seconds
Number of updated asset objects reloaded before import = 0
Number of asset objects unloaded after import = 1
========================================================================
Received Import Request.
  Time since last request: 0.000083 seconds.
  path: Assets/CreativeCore_Audio/Scenes/FinalScene_Audio_Outdoor/Lightmap-0_comp_dir.png
  artifactKey: Guid(e512152ed4766ba49a25620857755bc7) Importer(2089858483,0ecaa5967403d082aa24f35e1b516d23)
Start importing Assets/CreativeCore_Audio/Scenes/FinalScene_Audio_Outdoor/Lightmap-0_comp_dir.png using Guid(e512152ed4766ba49a25620857755bc7) Importer(2089858483,0ecaa5967403d082aa24f35e1b516d23)  -> (artifact id: 'c54311652cd6cc4ffdc01e14c395fba5') in 0.010707 seconds
Number of updated asset objects reloaded before import = 0
Number of asset objects unloaded after import = 1
========================================================================
Received Import Request.
  Time since last request: 0.000135 seconds.
  path: Assets/CreativeCore_Audio/StarterAssets/ThirdPersonController/Character/Textures/Armature_Arms_Normal.tif
  artifactKey: Guid(104a45460231b8d4783e0bb2223be28c) Importer(2089858483,0ecaa5967403d082aa24f35e1b516d23)
Start importing Assets/CreativeCore_Audio/StarterAssets/ThirdPersonController/Character/Textures/Armature_Arms_Normal.tif using Guid(104a45460231b8d4783e0bb2223be28c) Importer(2089858483,0ecaa5967403d082aa24f35e1b516d23)  -> (artifact id: '9825a82b3f0d8cc92b4f6f01ec738cf5') in 0.010372 seconds
Number of updated asset objects reloaded before import = 0
Number of asset objects unloaded after import = 1
========================================================================
Received Import Request.
  Time since last request: 0.000101 seconds.
  path: Assets/CreativeCore_Audio/Scenes/TutorialScene_Audio_Outdoor/Lightmap-0_comp_light.exr
  artifactKey: Guid(51b227e8d577b774795c85651115c74c) Importer(2089858483,0ecaa5967403d082aa24f35e1b516d23)
Start importing Assets/CreativeCore_Audio/Scenes/TutorialScene_Audio_Outdoor/Lightmap-0_comp_light.exr using Guid(51b227e8d577b774795c85651115c74c) Importer(2089858483,0ecaa5967403d082aa24f35e1b516d23)  -> (artifact id: '4cd0468aa2ca3b3a51acbea20851ed4b') in 0.010261 seconds
Number of updated asset objects reloaded before import = 0
Number of asset objects unloaded after import = 1
========================================================================
Received Import Request.
  Time since last request: 0.000117 seconds.
  path: Assets/CreativeCore_Audio/StarterAssets/TutorialInfo/Icons/ReadMeImg.PNG
  artifactKey: Guid(44a17a5b205fcd349a24700e6f5615bd) Importer(2089858483,0ecaa5967403d082aa24f35e1b516d23)
Start importing Assets/CreativeCore_Audio/StarterAssets/TutorialInfo/Icons/ReadMeImg.PNG using Guid(44a17a5b205fcd349a24700e6f5615bd) Importer(2089858483,0ecaa5967403d082aa24f35e1b516d23)  -> (artifact id: '5b7cb9e2ed55825a4e5d29b5778bae4c') in 0.008986 seconds
Number of updated asset objects reloaded before import = 0
Number of asset objects unloaded after import = 1
========================================================================
Received Import Request.
  Time since last request: 0.000121 seconds.
  path: Assets/UniversalRenderPipelineGlobalSettings.asset
  artifactKey: Guid(a2aee44922b6a9d479a30569ce3ee682) Importer(2089858483,0ecaa5967403d082aa24f35e1b516d23)
Start importing Assets/UniversalRenderPipelineGlobalSettings.asset using Guid(a2aee44922b6a9d479a30569ce3ee682) Importer(2089858483,0ecaa5967403d082aa24f35e1b516d23)  -> (artifact id: '6453ffd32efb70e4b99da9659532f8cf') in 0.004340 seconds
Number of updated asset objects reloaded before import = 0
Number of asset objects unloaded after import = 1
========================================================================
Received Import Request.
  Time since last request: 0.000108 seconds.
  path: Assets/CreativeCore_Audio/Materials/GrayDoublesided.mat
  artifactKey: Guid(be773e70b0ab6834089437eed3fe4db6) Importer(2089858483,0ecaa5967403d082aa24f35e1b516d23)
Start importing Assets/CreativeCore_Audio/Materials/GrayDoublesided.mat using Guid(be773e70b0ab6834089437eed3fe4db6) Importer(2089858483,0ecaa5967403d082aa24f35e1b516d23)  -> (artifact id: '2a73f24b38b28a7aa205951acf1f98b1') in 0.004779 seconds
Number of updated asset objects reloaded before import = 0
Number of asset objects unloaded after import = 1
========================================================================
Received Import Request.
  Time since last request: 0.000121 seconds.
  path: Assets/CreativeCore_Audio/Materials/GrayShade2.mat
  artifactKey: Guid(a8047d7f697e02f4aa0ff677fbd237d9) Importer(2089858483,0ecaa5967403d082aa24f35e1b516d23)
Start importing Assets/CreativeCore_Audio/Materials/GrayShade2.mat using Guid(a8047d7f697e02f4aa0ff677fbd237d9) Importer(2089858483,0ecaa5967403d082aa24f35e1b516d23)  -> (artifact id: '5c7d94d84b19f448630fe3888f99c89f') in 0.002632 seconds
Number of updated asset objects reloaded before import = 0
Number of asset objects unloaded after import = 1
========================================================================
Received Import Request.
  Time since last request: 0.000112 seconds.
  path: Assets/CreativeCore_Audio/Settings/Rendering/UniversalRP-HighQuality.asset
  artifactKey: Guid(19ba41d7c0026c3459d37c2fe90c55a0) Importer(2089858483,0ecaa5967403d082aa24f35e1b516d23)
Start importing Assets/CreativeCore_Audio/Settings/Rendering/UniversalRP-HighQuality.asset using Guid(19ba41d7c0026c3459d37c2fe90c55a0) Importer(2089858483,0ecaa5967403d082aa24f35e1b516d23)  -> (artifact id: 'f6bb15e7eb882c5d35ce60a8db2bbbcc') in 0.021255 seconds
Number of updated asset objects reloaded before import = 0
Number of asset objects unloaded after import = 1
========================================================================
Received Import Request.
  Time since last request: 0.000150 seconds.
  path: Assets/CreativeCore_Audio/Audio/ClassicalMusic.mp3
  artifactKey: Guid(ddf756e293c1249778a7de2a09774c6f) Importer(2089858483,0ecaa5967403d082aa24f35e1b516d23)
Start importing Assets/CreativeCore_Audio/Audio/ClassicalMusic.mp3 using Guid(ddf756e293c1249778a7de2a09774c6f) Importer(2089858483,0ecaa5967403d082aa24f35e1b516d23)  -> (artifact id: '84bbf5d60a7e06fd9ae2995b2ef5770b') in 0.042617 seconds
Number of updated asset objects reloaded before import = 0
Number of asset objects unloaded after import = 1
========================================================================
Received Import Request.
  Time since last request: 0.000101 seconds.
  path: Assets/CreativeCore_Audio/Scenes/FinalScene_Audio_Outdoor/Lightmap-2_comp_dir.png
  artifactKey: Guid(4c0092d4c16decb41a43bf2b87c45e7b) Importer(2089858483,0ecaa5967403d082aa24f35e1b516d23)
Start importing Assets/CreativeCore_Audio/Scenes/FinalScene_Audio_Outdoor/Lightmap-2_comp_dir.png using Guid(4c0092d4c16decb41a43bf2b87c45e7b) Importer(2089858483,0ecaa5967403d082aa24f35e1b516d23)  -> (artifact id: 'b49b0e0c139b308e6e13f645dce4558f') in 0.008823 seconds
Number of updated asset objects reloaded before import = 0
Number of asset objects unloaded after import = 1
========================================================================
Received Import Request.
  Time since last request: 0.000115 seconds.
  path: Assets/CreativeCore_Audio/Scenes/FinalScene_Audio_Outdoor/Lightmap-1_comp_light.exr
  artifactKey: Guid(909b4db8d9454ef4dac96425ea5ee6ed) Importer(2089858483,0ecaa5967403d082aa24f35e1b516d23)
Start importing Assets/CreativeCore_Audio/Scenes/FinalScene_Audio_Outdoor/Lightmap-1_comp_light.exr using Guid(909b4db8d9454ef4dac96425ea5ee6ed) Importer(2089858483,0ecaa5967403d082aa24f35e1b516d23)  -> (artifact id: 'a848e8ba914a78831e67820fb1b783a9') in 0.010586 seconds
Number of updated asset objects reloaded before import = 0
Number of asset objects unloaded after import = 1
========================================================================
Received Import Request.
  Time since last request: 0.000106 seconds.
  path: Assets/CreativeCore_Audio/StarterAssets/ThirdPersonController/Character/Textures/Armature_Body_AlbedoTransparency.tif
  artifactKey: Guid(28d78c5517421f047b88352f3b18e8e7) Importer(2089858483,0ecaa5967403d082aa24f35e1b516d23)
Start importing Assets/CreativeCore_Audio/StarterAssets/ThirdPersonController/Character/Textures/Armature_Body_AlbedoTransparency.tif using Guid(28d78c5517421f047b88352f3b18e8e7) Importer(2089858483,0ecaa5967403d082aa24f35e1b516d23)  -> (artifact id: 'f2569fc9e75c776f884ee71268f6a8c9') in 0.010879 seconds
Number of updated asset objects reloaded before import = 0
Number of asset objects unloaded after import = 1
========================================================================
Received Prepare
Refreshing native plugins compatible for Editor in 6.65 ms, found 2 plugins.
Preloading 0 native plugins for Editor in 0.00 ms.
Unloading 5 Unused Serialized files (Serialized files now loaded: 0)
Unloading 5 unused Assets / (1.1 MB). Loaded Objects now: 4944.
Memory consumption went from 108.1 MB to 107.0 MB.
Total: 36.755792 ms (FindLiveObjects: 0.466959 ms CreateObjectMapping: 0.098834 ms MarkObjects: 35.699083 ms  DeleteObjects: 0.369250 ms)

Prepare: number of updated asset objects reloaded= 0
AssetImportParameters requested are different than current active one (requested -> active):
  custom:container-demuxer-ogg: 62fdf1f143b41e24485cea50d1cbac27 -> 
  custom:video-decoder-ogg-theora: a1e56fd34408186e4bbccfd4996cb3dc -> 
  custom:container-demuxer-webm: 4f35f7cbe854078d1ac9338744f61a02 -> 
  custom:container-muxer-webm: aa71ff27fc2769a1b78a27578f13a17b -> 
  custom:video-decoder-webm-vp8: 9c59270c3fd7afecdb556c50c9e8de78 -> 
  custom:SearchIndexIgnoredProperties: e643bd26f0fe6173181afceb89e7c659 -> 
  custom:AudioImporter_EditorPlatform: 3918e3fc78b5a79bad01e8451be0beb8 -> 
  custom:framework-osx-AVFoundation: e770b220cccbd017edd2c1fefb359320 -> 
  custom:video-encoder-webm-vp8: eb34c28f22e8b96e1ab97ce403110664 -> 
  custom:audio-decoder-ogg-vorbis: bf7c407c2cedff20999df2af8eb42d56 -> 
  custom:audio-encoder-webm-vorbis: bf7c407c2cedff20999df2af8eb42d56 -> 
